<component name="libraryTable">
  <library name="junit-4.13">
    <CLASSES>
      <root url="jar://$PROJECT_DIR$/ext_jar/junit/hamcrest-core-1.3.jar!/" />
      <root url="jar://$PROJECT_DIR$/ext_jar/junit/junit-4.13.2.jar!/" />
    </CLASSES>
    <JAVADOC />
    <SOURCES />
  </library>
</component>